23-May-2024 08:32:54.083 INFO [main] org.apache.catalina.startup.VersionLoggerListener.log Nombre de la versión del servidor: Apache Tomcat/8.5.100
23-May-2024 08:32:54.088 INFO [main] org.apache.catalina.startup.VersionLoggerListener.log Server built:                      Mar 19 2024 13:54:42 UTC
23-May-2024 08:32:54.088 INFO [main] org.apache.catalina.startup.VersionLoggerListener.log Número de versión de servidor:     8.5.100.0
23-May-2024 08:32:54.089 INFO [main] org.apache.catalina.startup.VersionLoggerListener.log OS Name:                           Windows 11
23-May-2024 08:32:54.089 INFO [main] org.apache.catalina.startup.VersionLoggerListener.log Versión de Systema Operativo:      10.0
23-May-2024 08:32:54.089 INFO [main] org.apache.catalina.startup.VersionLoggerListener.log Arquitectura:                      amd64
23-May-2024 08:32:54.089 INFO [main] org.apache.catalina.startup.VersionLoggerListener.log Java Home:                         C:\Users\mcres\.jdks\openjdk-22.0.1
23-May-2024 08:32:54.090 INFO [main] org.apache.catalina.startup.VersionLoggerListener.log JVM Version:                       22.0.1+8-16
23-May-2024 08:32:54.091 INFO [main] org.apache.catalina.startup.VersionLoggerListener.log Vededor JVM:                       Oracle Corporation
23-May-2024 08:32:54.091 INFO [main] org.apache.catalina.startup.VersionLoggerListener.log CATALINA_BASE:                     D:\DAM\Proyectos finales\autumn_rental\Back-End
23-May-2024 08:32:54.091 INFO [main] org.apache.catalina.startup.VersionLoggerListener.log CATALINA_HOME:                     D:\DAM\Programas\apache-tomcat-8.5.100\apache-tomcat-8.5.100
23-May-2024 08:32:54.092 INFO [main] org.apache.catalina.startup.VersionLoggerListener.log Command line argument:             --add-opens=java.base/java.lang=ALL-UNNAMED
23-May-2024 08:32:54.093 INFO [main] org.apache.catalina.startup.VersionLoggerListener.log Command line argument:             --add-opens=java.base/java.io=ALL-UNNAMED
23-May-2024 08:32:54.093 INFO [main] org.apache.catalina.startup.VersionLoggerListener.log Command line argument:             --add-opens=java.base/java.util=ALL-UNNAMED
23-May-2024 08:32:54.093 INFO [main] org.apache.catalina.startup.VersionLoggerListener.log Command line argument:             --add-opens=java.base/java.util.concurrent=ALL-UNNAMED
23-May-2024 08:32:54.094 INFO [main] org.apache.catalina.startup.VersionLoggerListener.log Command line argument:             --add-opens=java.rmi/sun.rmi.transport=ALL-UNNAMED
23-May-2024 08:32:54.094 INFO [main] org.apache.catalina.startup.VersionLoggerListener.log Command line argument:             -Dcatalina.home=D:\DAM\Programas\apache-tomcat-8.5.100\apache-tomcat-8.5.100
23-May-2024 08:32:54.094 INFO [main] org.apache.catalina.startup.VersionLoggerListener.log Command line argument:             -Dcatalina.base=D:\DAM\Proyectos finales\autumn_rental\Back-End
23-May-2024 08:32:54.094 INFO [main] org.apache.catalina.startup.VersionLoggerListener.log Command line argument:             -Djava.io.tmpdir=D:\DAM\Proyectos finales\autumn_rental\Back-End\temp
23-May-2024 08:32:54.095 INFO [main] org.apache.catalina.startup.VersionLoggerListener.log Command line argument:             -Djava.util.logging.config.file=D:\DAM\Proyectos finales\autumn_rental\Back-End\conf\logging.properties
23-May-2024 08:32:54.095 INFO [main] org.apache.catalina.startup.VersionLoggerListener.log Command line argument:             -Djava.util.logging.manager=org.apache.juli.ClassLoaderLogManager
23-May-2024 08:32:54.095 INFO [main] org.apache.catalina.startup.VersionLoggerListener.log Command line argument:             -javaagent:C:\Program Files\JetBrains\IntelliJ IDEA 2023.2.2\lib\idea_rt.jar=49590:C:\Program Files\JetBrains\IntelliJ IDEA 2023.2.2\bin
23-May-2024 08:32:54.095 INFO [main] org.apache.catalina.startup.VersionLoggerListener.log Command line argument:             -Dfile.encoding=UTF-8
23-May-2024 08:32:54.096 INFO [main] org.apache.catalina.startup.VersionLoggerListener.log Command line argument:             -Dsun.stdout.encoding=UTF-8
23-May-2024 08:32:54.096 INFO [main] org.apache.catalina.startup.VersionLoggerListener.log Command line argument:             -Dsun.stderr.encoding=UTF-8
23-May-2024 08:32:54.096 INFO [main] org.apache.catalina.core.AprLifecycleListener.lifecycleEvent La biblioteca nativa de Apache Tomcat basada en ARP que permite un rendimiento óptimo en entornos de desarrollo no ha sido hallada en java.library.path: [C:\Users\mcres\.jdks\openjdk-22.0.1\bin;C:\Windows\Sun\Java\bin;C:\Windows\system32;C:\Windows;C:\Windows\system32;C:\Windows;C:\Windows\System32\Wbem;C:\Windows\System32\WindowsPowerShell\v1.0\;C:\Windows\System32\OpenSSH\;C:\Program Files\nodejs\;C:\Program Files\Git\cmd;C:\Users\mcres\AppData\Local\Microsoft\WindowsApps;C:\Program Files\JetBrains\IntelliJ IDEA 2023.2.2\bin;;C:\Users\mcres\AppData\Local\Programs\Microsoft VS Code\bin;C:\Users\mcres\AppData\Roaming\npm;C:\Users\mcres\AppData\Local\GitHubDesktop\bin;.]
23-May-2024 08:32:54.190 INFO [main] org.apache.coyote.AbstractProtocol.init Inicializando el manejador de protocolo ["http-nio-8080"]

23-May-2024 08:32:54.231 INFO [main] org.apache.catalina.startup.Catalina.load Initialization processed in 1294 ms
23-May-2024 08:32:54.335 INFO [main] org.apache.catalina.core.StandardService.startInternal Arrancando servicio [Catalina]
23-May-2024 08:32:54.335 INFO [main] org.apache.catalina.core.StandardEngine.startInternal Starting Servlet engine: [Apache Tomcat/8.5.100]
23-May-2024 08:32:54.365 INFO [localhost-startStop-1] org.apache.catalina.startup.HostConfig.deployDescriptor Desplieque del descriptor de configuración [D:\DAM\Proyectos finales\autumn_rental\Back-End\conf\Catalina\localhost\AutumnRental.xml]
23-May-2024 08:32:56.974 INFO [localhost-startStop-1] org.apache.jasper.servlet.TldScanner.scanJars Al menos un JAR, que se ha explorado buscando TLDs, aún no contenía TLDs. Activar historial de depuración para este historiador para una completa lista de los JARs que fueron explorados y de los que nos se halló TLDs. Saltarse JARs no necesarios durante la exploración puede dar lugar a una mejora de tiempo significativa en el arranque y compilación de JSP .
23-May-2024 08:32:57.076 INFO [localhost-startStop-1] org.apache.catalina.startup.HostConfig.deployDescriptor Deployment of deployment descriptor [D:\DAM\Proyectos finales\autumn_rental\Back-End\conf\Catalina\localhost\AutumnRental.xml] has finished in [2.706] ms
23-May-2024 08:32:57.081 INFO [main] org.apache.coyote.AbstractProtocol.start Starting ProtocolHandler ["http-nio-8080"]
23-May-2024 08:32:57.121 INFO [main] org.apache.catalina.startup.Catalina.start Server startup in 2886 ms
23-May-2024 12:47:59.613 INFO [Thread-1] org.apache.coyote.AbstractProtocol.pause Pausing ProtocolHandler ["http-nio-8080"]
23-May-2024 12:47:59.615 INFO [Thread-1] org.apache.catalina.core.StandardService.stopInternal Parando servicio [Catalina]
23-May-2024 12:47:59.638 WARNING [localhost-startStop-2] org.apache.catalina.loader.WebappClassLoaderBase.clearReferencesJdbc La aplicación web [AutumnRental] registró el conductor JDBC [org.postgresql.Driver] pero falló al anular el registro mientras la aplicación web estaba parada. Para prevenir un fallo de memoria, se ha anulado el registro del conductor JDBC por la fuerza.
23-May-2024 12:47:59.656 INFO [Thread-1] org.apache.coyote.AbstractProtocol.stop Stopping ProtocolHandler ["http-nio-8080"]
23-May-2024 12:47:59.665 INFO [Thread-1] org.apache.coyote.AbstractProtocol.destroy Destroying ProtocolHandler ["http-nio-8080"]
23-May-2024 13:00:18.021 INFO [main] org.apache.catalina.startup.VersionLoggerListener.log Nombre de la versión del servidor: Apache Tomcat/8.5.100
23-May-2024 13:00:18.024 INFO [main] org.apache.catalina.startup.VersionLoggerListener.log Server built:                      Mar 19 2024 13:54:42 UTC
23-May-2024 13:00:18.025 INFO [main] org.apache.catalina.startup.VersionLoggerListener.log Número de versión de servidor:     8.5.100.0
23-May-2024 13:00:18.025 INFO [main] org.apache.catalina.startup.VersionLoggerListener.log OS Name:                           Windows 11
23-May-2024 13:00:18.025 INFO [main] org.apache.catalina.startup.VersionLoggerListener.log Versión de Systema Operativo:      10.0
23-May-2024 13:00:18.025 INFO [main] org.apache.catalina.startup.VersionLoggerListener.log Arquitectura:                      amd64
23-May-2024 13:00:18.025 INFO [main] org.apache.catalina.startup.VersionLoggerListener.log Java Home:                         C:\Users\mcres\.jdks\openjdk-22.0.1
23-May-2024 13:00:18.025 INFO [main] org.apache.catalina.startup.VersionLoggerListener.log JVM Version:                       22.0.1+8-16
23-May-2024 13:00:18.026 INFO [main] org.apache.catalina.startup.VersionLoggerListener.log Vededor JVM:                       Oracle Corporation
23-May-2024 13:00:18.026 INFO [main] org.apache.catalina.startup.VersionLoggerListener.log CATALINA_BASE:                     D:\DAM\Proyectos finales\autumn_rental\Back-End
23-May-2024 13:00:18.026 INFO [main] org.apache.catalina.startup.VersionLoggerListener.log CATALINA_HOME:                     D:\DAM\Programas\apache-tomcat-8.5.100\apache-tomcat-8.5.100
23-May-2024 13:00:18.026 INFO [main] org.apache.catalina.startup.VersionLoggerListener.log Command line argument:             --add-opens=java.base/java.lang=ALL-UNNAMED
23-May-2024 13:00:18.026 INFO [main] org.apache.catalina.startup.VersionLoggerListener.log Command line argument:             --add-opens=java.base/java.io=ALL-UNNAMED
23-May-2024 13:00:18.026 INFO [main] org.apache.catalina.startup.VersionLoggerListener.log Command line argument:             --add-opens=java.base/java.util=ALL-UNNAMED
23-May-2024 13:00:18.026 INFO [main] org.apache.catalina.startup.VersionLoggerListener.log Command line argument:             --add-opens=java.base/java.util.concurrent=ALL-UNNAMED
23-May-2024 13:00:18.026 INFO [main] org.apache.catalina.startup.VersionLoggerListener.log Command line argument:             --add-opens=java.rmi/sun.rmi.transport=ALL-UNNAMED
23-May-2024 13:00:18.026 INFO [main] org.apache.catalina.startup.VersionLoggerListener.log Command line argument:             -Dcatalina.home=D:\DAM\Programas\apache-tomcat-8.5.100\apache-tomcat-8.5.100
23-May-2024 13:00:18.027 INFO [main] org.apache.catalina.startup.VersionLoggerListener.log Command line argument:             -Dcatalina.base=D:\DAM\Proyectos finales\autumn_rental\Back-End
23-May-2024 13:00:18.027 INFO [main] org.apache.catalina.startup.VersionLoggerListener.log Command line argument:             -Djava.io.tmpdir=D:\DAM\Proyectos finales\autumn_rental\Back-End\temp
23-May-2024 13:00:18.027 INFO [main] org.apache.catalina.startup.VersionLoggerListener.log Command line argument:             -Djava.util.logging.config.file=D:\DAM\Proyectos finales\autumn_rental\Back-End\conf\logging.properties
23-May-2024 13:00:18.027 INFO [main] org.apache.catalina.startup.VersionLoggerListener.log Command line argument:             -Djava.util.logging.manager=org.apache.juli.ClassLoaderLogManager
23-May-2024 13:00:18.027 INFO [main] org.apache.catalina.startup.VersionLoggerListener.log Command line argument:             -javaagent:C:\Program Files\JetBrains\IntelliJ IDEA 2023.2.2\lib\idea_rt.jar=59444:C:\Program Files\JetBrains\IntelliJ IDEA 2023.2.2\bin
23-May-2024 13:00:18.027 INFO [main] org.apache.catalina.startup.VersionLoggerListener.log Command line argument:             -Dfile.encoding=UTF-8
23-May-2024 13:00:18.027 INFO [main] org.apache.catalina.startup.VersionLoggerListener.log Command line argument:             -Dsun.stdout.encoding=UTF-8
23-May-2024 13:00:18.027 INFO [main] org.apache.catalina.startup.VersionLoggerListener.log Command line argument:             -Dsun.stderr.encoding=UTF-8
23-May-2024 13:00:18.027 INFO [main] org.apache.catalina.core.AprLifecycleListener.lifecycleEvent La biblioteca nativa de Apache Tomcat basada en ARP que permite un rendimiento óptimo en entornos de desarrollo no ha sido hallada en java.library.path: [C:\Users\mcres\.jdks\openjdk-22.0.1\bin;C:\Windows\Sun\Java\bin;C:\Windows\system32;C:\Windows;C:\Windows\system32;C:\Windows;C:\Windows\System32\Wbem;C:\Windows\System32\WindowsPowerShell\v1.0\;C:\Windows\System32\OpenSSH\;C:\Program Files\nodejs\;C:\Program Files\Git\cmd;C:\Users\mcres\AppData\Local\Microsoft\WindowsApps;C:\Program Files\JetBrains\IntelliJ IDEA 2023.2.2\bin;;C:\Users\mcres\AppData\Local\Programs\Microsoft VS Code\bin;C:\Users\mcres\AppData\Roaming\npm;C:\Users\mcres\AppData\Local\GitHubDesktop\bin;.]
23-May-2024 13:00:18.069 INFO [main] org.apache.coyote.AbstractProtocol.init Inicializando el manejador de protocolo ["http-nio-8080"]

23-May-2024 13:00:18.089 INFO [main] org.apache.catalina.startup.Catalina.load Initialization processed in 671 ms
23-May-2024 13:00:18.154 INFO [main] org.apache.catalina.core.StandardService.startInternal Arrancando servicio [Catalina]
23-May-2024 13:00:18.154 INFO [main] org.apache.catalina.core.StandardEngine.startInternal Starting Servlet engine: [Apache Tomcat/8.5.100]
23-May-2024 13:00:18.165 INFO [localhost-startStop-1] org.apache.catalina.startup.HostConfig.deployDescriptor Desplieque del descriptor de configuración [D:\DAM\Proyectos finales\autumn_rental\Back-End\conf\Catalina\localhost\AutumnRental.xml]
23-May-2024 13:00:19.608 INFO [localhost-startStop-1] org.apache.jasper.servlet.TldScanner.scanJars Al menos un JAR, que se ha explorado buscando TLDs, aún no contenía TLDs. Activar historial de depuración para este historiador para una completa lista de los JARs que fueron explorados y de los que nos se halló TLDs. Saltarse JARs no necesarios durante la exploración puede dar lugar a una mejora de tiempo significativa en el arranque y compilación de JSP .
23-May-2024 13:00:19.650 INFO [localhost-startStop-1] org.apache.catalina.startup.HostConfig.deployDescriptor Deployment of deployment descriptor [D:\DAM\Proyectos finales\autumn_rental\Back-End\conf\Catalina\localhost\AutumnRental.xml] has finished in [1.483] ms
23-May-2024 13:00:19.653 INFO [main] org.apache.coyote.AbstractProtocol.start Starting ProtocolHandler ["http-nio-8080"]
23-May-2024 13:00:19.674 INFO [main] org.apache.catalina.startup.Catalina.start Server startup in 1583 ms
23-May-2024 13:52:39.789 INFO [Thread-1] org.apache.coyote.AbstractProtocol.pause Pausing ProtocolHandler ["http-nio-8080"]
23-May-2024 13:52:39.789 INFO [Thread-1] org.apache.catalina.core.StandardService.stopInternal Parando servicio [Catalina]
23-May-2024 13:52:39.921 WARNING [localhost-startStop-2] org.apache.catalina.loader.WebappClassLoaderBase.clearReferencesJdbc La aplicación web [AutumnRental] registró el conductor JDBC [org.postgresql.Driver] pero falló al anular el registro mientras la aplicación web estaba parada. Para prevenir un fallo de memoria, se ha anulado el registro del conductor JDBC por la fuerza.
23-May-2024 13:52:39.922 INFO [Thread-1] org.apache.coyote.AbstractProtocol.stop Stopping ProtocolHandler ["http-nio-8080"]
23-May-2024 13:52:39.940 INFO [Thread-1] org.apache.coyote.AbstractProtocol.destroy Destroying ProtocolHandler ["http-nio-8080"]
